#
# There is insufficient memory for the Java Runtime Environment to continue.
# Native memory allocation (malloc) failed to allocate 1386096 bytes for Chunk::new
# Possible reasons:
#   The system is out of physical RAM or swap space
#   The process is running with CompressedOops enabled, and the Java Heap may be blocking the growth of the native heap
# Possible solutions:
#   Reduce memory load on the system
#   Increase physical memory or swap space
#   Check if swap backing store is full
#   Decrease Java heap size (-Xmx/-Xms)
#   Decrease number of Java threads
#   Decrease Java thread stack sizes (-Xss)
#   Set larger code cache with -XX:ReservedCodeCacheSize=
#   JVM is running with Unscaled Compressed Oops mode in which the Java heap is
#     placed in the first 4GB address space. The Java Heap base address is the
#     maximum limit for the native heap growth. Please use -XX:HeapBaseMinAddress
#     to set the Java Heap base and to place the Java Heap above 4GB virtual address.
# This output file may be truncated or incomplete.
#
#  Out of Memory Error (./src/hotspot/share/memory/arena.cpp:197), pid=11064, tid=10528
#
# JRE version: OpenJDK Runtime Environment (11.0.11+9) (build 11.0.11+9-b60-7590822)
# Java VM: OpenJDK 64-Bit Server VM (11.0.11+9-b60-7590822, mixed mode, tiered, compressed oops, g1 gc, windows-amd64)
# No core dump will be written. Minidumps are not enabled by default on client versions of Windows
#

---------------  S U M M A R Y ------------

Command Line: --add-opens=java.base/java.util=ALL-UNNAMED --add-opens=java.base/java.lang=ALL-UNNAMED --add-opens=java.base/java.lang.invoke=ALL-UNNAMED --add-opens=java.base/java.util=ALL-UNNAMED --add-opens=java.prefs/java.util.prefs=ALL-UNNAMED --add-opens=java.prefs/java.util.prefs=ALL-UNNAMED --add-opens=java.base/java.nio.charset=ALL-UNNAMED --add-opens=java.base/java.net=ALL-UNNAMED --add-opens=java.base/java.util.concurrent.atomic=ALL-UNNAMED -Xmx2048m -Dfile.encoding=UTF-8 -Duser.country=US -Duser.language=en -Duser.variant org.gradle.launcher.daemon.bootstrap.GradleDaemon 7.0.2

Host: Intel(R) Core(TM) i3-6006U CPU @ 2.00GHz, 4 cores, 7G,  Windows 10 , 64 bit Build 19041 (10.0.19041.1645)
Time: Thu Apr 21 15:18:39 2022 SE Asia Standard Time elapsed time: 28.945669 seconds (0d 0h 0m 28s)

---------------  T H R E A D  ---------------

Current thread (0x000001daa05c1000):  JavaThread "C2 CompilerThread0" daemon [_thread_in_native, id=10528, stack(0x000000695f400000,0x000000695f500000)]


Current CompileTask:
C2:  28945 6337 %     4       org.gradle.internal.instantiation.generator.AbstractClassGenerator::inspectType @ 107 (560 bytes)

Stack: [0x000000695f400000,0x000000695f500000]
Native frames: (J=compiled Java code, j=interpreted, Vv=VM code, C=native code)
V  [jvm.dll+0x5f214a]
V  [jvm.dll+0x726fb5]
V  [jvm.dll+0x7285cd]
V  [jvm.dll+0x728c83]
V  [jvm.dll+0x243278]
V  [jvm.dll+0xbc53c]
V  [jvm.dll+0xbca3c]
V  [jvm.dll+0x353e7d]
V  [jvm.dll+0x19895c]
V  [jvm.dll+0x1fc2ee]
V  [jvm.dll+0x1fb3d4]
V  [jvm.dll+0x183d6c]
V  [jvm.dll+0x209a57]
V  [jvm.dll+0x2082a1]
V  [jvm.dll+0x6ef58f]
V  [jvm.dll+0x6e80b5]
V  [jvm.dll+0x5f1036]
C  [ucrtbase.dll+0x21bb2]
C  [KERNEL32.DLL+0x17034]
C  [ntdll.dll+0x52651]


---------------  P R O C E S S  ---------------

Threads class SMR info:
_java_thread_list=0x000001daa1f2d360, length=42, elements={
0x000001da869bd000, 0x000001daa059e800, 0x000001daa05a8800, 0x000001daa05b9000,
0x000001daa05ba000, 0x000001daa05bc800, 0x000001daa05c1000, 0x000001daa05c4800,
0x000001daa05ca000, 0x000001daa1072800, 0x000001daa2bc7800, 0x000001daa2ae7800,
0x000001daa2f0a800, 0x000001daa32c2000, 0x000001daa232d000, 0x000001daa1379000,
0x000001daa1f44800, 0x000001daa1279800, 0x000001daa127a800, 0x000001daa11d3000,
0x000001daa11d0800, 0x000001daa11d0000, 0x000001daa11d1800, 0x000001daa11d2800,
0x000001daa11ce000, 0x000001daa11d4000, 0x000001daa11d4800, 0x000001daa11cf000,
0x000001daa1eec800, 0x000001daa1eeb800, 0x000001daa1eeb000, 0x000001daa1ef0800,
0x000001daa1ef1800, 0x000001daa1ef3000, 0x000001daa1ef4000, 0x000001daa1eef000,
0x000001daa1eee000, 0x000001daa1eef800, 0x000001daa1ef6000, 0x000001daa1ef4800,
0x000001daa1ef7000, 0x000001daa1ef2000
}

Java Threads: ( => current thread )
  0x000001da869bd000 JavaThread "main" [_thread_blocked, id=12924, stack(0x000000695e800000,0x000000695e900000)]
  0x000001daa059e800 JavaThread "Reference Handler" daemon [_thread_blocked, id=14784, stack(0x000000695ef00000,0x000000695f000000)]
  0x000001daa05a8800 JavaThread "Finalizer" daemon [_thread_blocked, id=10020, stack(0x000000695f000000,0x000000695f100000)]
  0x000001daa05b9000 JavaThread "Signal Dispatcher" daemon [_thread_blocked, id=2552, stack(0x000000695f100000,0x000000695f200000)]
  0x000001daa05ba000 JavaThread "Attach Listener" daemon [_thread_blocked, id=9492, stack(0x000000695f200000,0x000000695f300000)]
  0x000001daa05bc800 JavaThread "Service Thread" daemon [_thread_blocked, id=1692, stack(0x000000695f300000,0x000000695f400000)]
=>0x000001daa05c1000 JavaThread "C2 CompilerThread0" daemon [_thread_in_native, id=10528, stack(0x000000695f400000,0x000000695f500000)]
  0x000001daa05c4800 JavaThread "C1 CompilerThread0" daemon [_thread_blocked, id=8908, stack(0x000000695f500000,0x000000695f600000)]
  0x000001daa05ca000 JavaThread "Sweeper thread" daemon [_thread_blocked, id=9116, stack(0x000000695f600000,0x000000695f700000)]
  0x000001daa1072800 JavaThread "Common-Cleaner" daemon [_thread_blocked, id=16176, stack(0x000000695f700000,0x000000695f800000)]
  0x000001daa2bc7800 JavaThread "Daemon health stats" [_thread_blocked, id=15560, stack(0x000000695fb00000,0x000000695fc00000)]
  0x000001daa2ae7800 JavaThread "Incoming local TCP Connector on port 59326" [_thread_in_native, id=16820, stack(0x000000695fc00000,0x000000695fd00000)]
  0x000001daa2f0a800 JavaThread "Daemon periodic checks" [_thread_blocked, id=11520, stack(0x000000695fd00000,0x000000695fe00000)]
  0x000001daa32c2000 JavaThread "Daemon" [_thread_blocked, id=16316, stack(0x000000695fe00000,0x000000695ff00000)]
  0x000001daa232d000 JavaThread "Handler for socket connection from /127.0.0.1:59326 to /127.0.0.1:59327" [_thread_in_native, id=5696, stack(0x000000695ff00000,0x0000006960000000)]
  0x000001daa1379000 JavaThread "Cancel handler" [_thread_blocked, id=13696, stack(0x0000006960000000,0x0000006960100000)]
  0x000001daa1f44800 JavaThread "Daemon worker" [_thread_in_vm, id=18372, stack(0x0000006960100000,0x0000006960200000)]
  0x000001daa1279800 JavaThread "Asynchronous log dispatcher for DefaultDaemonConnection: socket connection from /127.0.0.1:59326 to /127.0.0.1:59327" [_thread_blocked, id=6572, stack(0x0000006960200000,0x0000006960300000)]
  0x000001daa127a800 JavaThread "Stdin handler" [_thread_blocked, id=3640, stack(0x0000006960300000,0x0000006960400000)]
  0x000001daa11d3000 JavaThread "Daemon client event forwarder" [_thread_blocked, id=808, stack(0x0000006960400000,0x0000006960500000)]
  0x000001daa11d0800 JavaThread "Cache worker for file hash cache (C:\Users\DELL\.gradle\caches\7.0.2\fileHashes)" [_thread_blocked, id=12144, stack(0x0000006960500000,0x0000006960600000)]
  0x000001daa11d0000 JavaThread "File lock request listener" [_thread_in_native, id=18380, stack(0x0000006960600000,0x0000006960700000)]
  0x000001daa11d1800 JavaThread "Cache worker for journal cache (C:\Users\DELL\.gradle\caches\journal-1)" [_thread_blocked, id=14348, stack(0x0000006960800000,0x0000006960900000)]
  0x000001daa11d2800 JavaThread "Cache worker for file hash cache (D:\Health Solutions Project\Health Solutions Application\.gradle\7.0.2\fileHashes)" [_thread_blocked, id=15212, stack(0x0000006960900000,0x0000006960a00000)]
  0x000001daa11ce000 JavaThread "File watcher server" daemon [_thread_in_native, id=4528, stack(0x0000006960a00000,0x0000006960b00000)]
  0x000001daa11d4000 JavaThread "File watcher consumer" daemon [_thread_blocked, id=13360, stack(0x0000006960b00000,0x0000006960c00000)]
  0x000001daa11d4800 JavaThread "Cache worker for checksums cache (D:\Health Solutions Project\Health Solutions Application\.gradle\checksums)" [_thread_blocked, id=14588, stack(0x0000006960c00000,0x0000006960d00000)]
  0x000001daa11cf000 JavaThread "Cache worker for cache directory md-supplier (C:\Users\DELL\.gradle\caches\7.0.2\md-supplier)" [_thread_blocked, id=15644, stack(0x0000006960d00000,0x0000006960e00000)]
  0x000001daa1eec800 JavaThread "Cache worker for cache directory md-rule (C:\Users\DELL\.gradle\caches\7.0.2\md-rule)" [_thread_blocked, id=8892, stack(0x0000006960e00000,0x0000006960f00000)]
  0x000001daa1eeb800 JavaThread "Cache worker for execution history cache (C:\Users\DELL\.gradle\caches\7.0.2\executionHistory)" [_thread_blocked, id=9144, stack(0x0000006960f00000,0x0000006961000000)]
  0x000001daa1eeb000 JavaThread "jar transforms" [_thread_blocked, id=15052, stack(0x0000006961000000,0x0000006961100000)]
  0x000001daa1ef0800 JavaThread "jar transforms Thread 2" [_thread_blocked, id=13296, stack(0x0000006961100000,0x0000006961200000)]
  0x000001daa1ef1800 JavaThread "Cache worker for file content cache (C:\Users\DELL\.gradle\caches\7.0.2\fileContent)" [_thread_blocked, id=7260, stack(0x0000006961200000,0x0000006961300000)]
  0x000001daa1ef3000 JavaThread "Cache worker for dependencies-accessors (D:\Health Solutions Project\Health Solutions Application\.gradle\7.0.2\dependencies-accessors)" [_thread_blocked, id=15160, stack(0x0000006961300000,0x0000006961400000)]
  0x000001daa1ef4000 JavaThread "jar transforms Thread 3" [_thread_blocked, id=5576, stack(0x0000006961400000,0x0000006961500000)]
  0x000001daa1eef000 JavaThread "Cache worker for Build Output Cleanup Cache (D:\Health Solutions Project\Health Solutions Application\.gradle\buildOutputCleanup)" [_thread_blocked, id=14424, stack(0x0000006961500000,0x0000006961600000)]
  0x000001daa1eee000 JavaThread "Build operations" [_thread_blocked, id=1536, stack(0x0000006961600000,0x0000006961700000)]
  0x000001daa1eef800 JavaThread "Build operations Thread 2" [_thread_blocked, id=15924, stack(0x0000006961700000,0x0000006961800000)]
  0x000001daa1ef6000 JavaThread "Build operations Thread 3" [_thread_blocked, id=16032, stack(0x0000006961800000,0x0000006961900000)]
  0x000001daa1ef4800 JavaThread "Build operations Thread 4" [_thread_blocked, id=9648, stack(0x0000006961900000,0x0000006961a00000)]
  0x000001daa1ef7000 JavaThread "jar transforms Thread 4" [_thread_blocked, id=10000, stack(0x0000006961a00000,0x0000006961b00000)]
  0x000001daa1ef2000 JavaThread "Memory manager" [_thread_blocked, id=2940, stack(0x0000006961b00000,0x0000006961c00000)]

Other Threads:
  0x000001daa0599000 VMThread "VM Thread" [stack: 0x000000695ee00000,0x000000695ef00000] [id=11544]
  0x000001daa1093800 WatcherThread [stack: 0x000000695f800000,0x000000695f900000] [id=13068]
  0x000001da869d6800 GCTaskThread "GC Thread#0" [stack: 0x000000695e900000,0x000000695ea00000] [id=9760]
  0x000001daa152c800 GCTaskThread "GC Thread#1" [stack: 0x000000695f900000,0x000000695fa00000] [id=17660]
  0x000001daa14ec800 GCTaskThread "GC Thread#2" [stack: 0x000000695fa00000,0x000000695fb00000] [id=13072]
  0x000001daa1fe1800 GCTaskThread "GC Thread#3" [stack: 0x0000006960700000,0x0000006960800000] [id=12068]
  0x000001da86a06800 ConcurrentGCThread "G1 Main Marker" [stack: 0x000000695ea00000,0x000000695eb00000] [id=12788]
  0x000001da86a08000 ConcurrentGCThread "G1 Conc#0" [stack: 0x000000695eb00000,0x000000695ec00000] [id=7768]
  0x000001da86a95000 ConcurrentGCThread "G1 Refine#0" [stack: 0x000000695ec00000,0x000000695ed00000] [id=12908]
  0x000001da86a96000 ConcurrentGCThread "G1 Young RemSet Sampling" [stack: 0x000000695ed00000,0x000000695ee00000] [id=1152]

Threads with active compile tasks:
C2 CompilerThread0  29022 6337 %     4       org.gradle.internal.instantiation.generator.AbstractClassGenerator::inspectType @ 107 (560 bytes)

VM state:not at safepoint (normal execution)

VM Mutex/Monitor currently owned by a thread: None

Heap address: 0x0000000080000000, size: 2048 MB, Compressed Oops mode: 32-bit
Narrow klass base: 0x0000000000000000, Narrow klass shift: 3
Compressed class space size: 1073741824 Address: 0x0000000100000000

Heap:
 garbage-first heap   total 187392K, used 89529K [0x0000000080000000, 0x0000000100000000)
  region size 1024K, 47 young (48128K), 7 survivors (7168K)
 Metaspace       used 67727K, capacity 69353K, committed 69452K, reserved 1110016K
  class space    used 8652K, capacity 9251K, committed 9292K, reserved 1048576K
Heap Regions: E=young(eden), S=young(survivor), O=old, HS=humongous(starts), HC=humongous(continues), CS=collection set, F=free, A=archive, TAMS=top-at-mark-start (previous, next)
|   0|0x0000000080000000, 0x0000000080100000, 0x0000000080100000|100%| O|  |TAMS 0x0000000080100000, 0x0000000080000000| Untracked 
|   1|0x0000000080100000, 0x0000000080200000, 0x0000000080200000|100%| O|  |TAMS 0x0000000080200000, 0x0000000080100000| Untracked 
|   2|0x0000000080200000, 0x0000000080300000, 0x0000000080300000|100%| O|  |TAMS 0x0000000080300000, 0x0000000080200000| Untracked 
|   3|0x0000000080300000, 0x0000000080400000, 0x0000000080400000|100%|HS|  |TAMS 0x0000000080400000, 0x0000000080300000| Complete 
|   4|0x0000000080400000, 0x0000000080500000, 0x0000000080500000|100%|HC|  |TAMS 0x0000000080500000, 0x0000000080400000| Complete 
|   5|0x0000000080500000, 0x0000000080600000, 0x0000000080600000|100%|HC|  |TAMS 0x0000000080600000, 0x0000000080500000| Complete 
|   6|0x0000000080600000, 0x0000000080700000, 0x0000000080700000|100%| O|  |TAMS 0x0000000080700000, 0x0000000080600000| Untracked 
|   7|0x0000000080700000, 0x0000000080800000, 0x0000000080800000|100%| O|  |TAMS 0x0000000080800000, 0x0000000080700000| Untracked 
|   8|0x0000000080800000, 0x0000000080900000, 0x0000000080900000|100%| O|  |TAMS 0x0000000080900000, 0x0000000080800000| Untracked 
|   9|0x0000000080900000, 0x0000000080a00000, 0x0000000080a00000|100%| O|  |TAMS 0x0000000080a00000, 0x0000000080900000| Untracked 
|  10|0x0000000080a00000, 0x0000000080b00000, 0x0000000080b00000|100%| O|  |TAMS 0x0000000080b00000, 0x0000000080a00000| Untracked 
|  11|0x0000000080b00000, 0x0000000080c00000, 0x0000000080c00000|100%| O|  |TAMS 0x0000000080c00000, 0x0000000080b00000| Untracked 
|  12|0x0000000080c00000, 0x0000000080d00000, 0x0000000080d00000|100%| O|  |TAMS 0x0000000080d00000, 0x0000000080c00000| Untracked 
|  13|0x0000000080d00000, 0x0000000080e00000, 0x0000000080e00000|100%| O|  |TAMS 0x0000000080e00000, 0x0000000080d00000| Untracked 
|  14|0x0000000080e00000, 0x0000000080f00000, 0x0000000080f00000|100%| O|  |TAMS 0x0000000080f00000, 0x0000000080e00000| Untracked 
|  15|0x0000000080f00000, 0x0000000081000000, 0x0000000081000000|100%|HS|  |TAMS 0x0000000081000000, 0x0000000080f00000| Complete 
|  16|0x0000000081000000, 0x0000000081100000, 0x0000000081100000|100%| O|  |TAMS 0x0000000081100000, 0x0000000081000000| Untracked 
|  17|0x0000000081100000, 0x0000000081200000, 0x0000000081200000|100%| O|  |TAMS 0x0000000081200000, 0x0000000081100000| Untracked 
|  18|0x0000000081200000, 0x0000000081300000, 0x0000000081300000|100%| O|  |TAMS 0x0000000081300000, 0x0000000081200000| Untracked 
|  19|0x0000000081300000, 0x0000000081400000, 0x0000000081400000|100%| O|  |TAMS 0x0000000081400000, 0x0000000081300000| Untracked 
|  20|0x0000000081400000, 0x0000000081500000, 0x0000000081500000|100%| O|  |TAMS 0x0000000081500000, 0x0000000081400000| Untracked 
|  21|0x0000000081500000, 0x0000000081600000, 0x0000000081600000|100%| O|  |TAMS 0x0000000081600000, 0x0000000081500000| Untracked 
|  22|0x0000000081600000, 0x0000000081700000, 0x0000000081700000|100%| O|  |TAMS 0x0000000081700000, 0x0000000081600000| Untracked 
|  23|0x0000000081700000, 0x0000000081800000, 0x0000000081800000|100%|HS|  |TAMS 0x0000000081800000, 0x0000000081700000| Complete 
|  24|0x0000000081800000, 0x0000000081900000, 0x0000000081900000|100%|HS|  |TAMS 0x0000000081900000, 0x0000000081800000| Complete 
|  25|0x0000000081900000, 0x0000000081a00000, 0x0000000081a00000|100%|HC|  |TAMS 0x0000000081a00000, 0x0000000081900000| Complete 
|  26|0x0000000081a00000, 0x0000000081b00000, 0x0000000081b00000|100%| O|  |TAMS 0x0000000081b00000, 0x0000000081a00000| Untracked 
|  27|0x0000000081b00000, 0x0000000081c00000, 0x0000000081c00000|100%| O|  |TAMS 0x0000000081c00000, 0x0000000081b00000| Untracked 
|  28|0x0000000081c00000, 0x0000000081d00000, 0x0000000081d00000|100%| O|  |TAMS 0x0000000081d00000, 0x0000000081c00000| Untracked 
|  29|0x0000000081d00000, 0x0000000081e00000, 0x0000000081e00000|100%| O|  |TAMS 0x0000000081e00000, 0x0000000081d00000| Untracked 
|  30|0x0000000081e00000, 0x0000000081f00000, 0x0000000081f00000|100%| O|  |TAMS 0x0000000081f00000, 0x0000000081e00000| Untracked 
|  31|0x0000000081f00000, 0x0000000082000000, 0x0000000082000000|100%| O|  |TAMS 0x0000000082000000, 0x0000000081f00000| Untracked 
|  32|0x0000000082000000, 0x0000000082100000, 0x0000000082100000|100%| O|  |TAMS 0x0000000082100000, 0x0000000082000000| Untracked 
|  33|0x0000000082100000, 0x0000000082200000, 0x0000000082200000|100%| O|  |TAMS 0x0000000082200000, 0x0000000082100000| Untracked 
|  34|0x0000000082200000, 0x0000000082300000, 0x0000000082300000|100%| O|  |TAMS 0x0000000082300000, 0x0000000082200000| Untracked 
|  35|0x0000000082300000, 0x0000000082400000, 0x0000000082400000|100%| O|  |TAMS 0x0000000082400000, 0x0000000082300000| Untracked 
|  36|0x0000000082400000, 0x0000000082500000, 0x0000000082500000|100%| O|  |TAMS 0x0000000082500000, 0x0000000082400000| Untracked 
|  37|0x0000000082500000, 0x0000000082600000, 0x0000000082600000|100%| O|  |TAMS 0x0000000082600000, 0x0000000082500000| Untracked 
|  38|0x0000000082600000, 0x0000000082700000, 0x0000000082700000|100%| O|  |TAMS 0x0000000082700000, 0x0000000082600000| Untracked 
|  39|0x0000000082700000, 0x0000000082800000, 0x0000000082800000|100%| O|  |TAMS 0x0000000082800000, 0x0000000082700000| Untracked 
|  40|0x0000000082800000, 0x0000000082900000, 0x0000000082900000|100%| O|  |TAMS 0x0000000082900000, 0x0000000082800000| Untracked 
|  41|0x0000000082900000, 0x00000000829d1c00, 0x0000000082a00000| 81%| O|  |TAMS 0x00000000829d1c00, 0x0000000082900000| Untracked 
|  42|0x0000000082a00000, 0x0000000082a00000, 0x0000000082b00000|  0%| F|  |TAMS 0x0000000082a00000, 0x0000000082a00000| Untracked 
|  43|0x0000000082b00000, 0x0000000082b00000, 0x0000000082c00000|  0%| F|  |TAMS 0x0000000082b00000, 0x0000000082b00000| Untracked 
|  44|0x0000000082c00000, 0x0000000082c00000, 0x0000000082d00000|  0%| F|  |TAMS 0x0000000082c00000, 0x0000000082c00000| Untracked 
|  45|0x0000000082d00000, 0x0000000082d00000, 0x0000000082e00000|  0%| F|  |TAMS 0x0000000082d00000, 0x0000000082d00000| Untracked 
|  46|0x0000000082e00000, 0x0000000082e00000, 0x0000000082f00000|  0%| F|  |TAMS 0x0000000082e00000, 0x0000000082e00000| Untracked 
|  47|0x0000000082f00000, 0x0000000082f00000, 0x0000000083000000|  0%| F|  |TAMS 0x0000000082f00000, 0x0000000082f00000| Untracked 
|  48|0x0000000083000000, 0x0000000083000000, 0x0000000083100000|  0%| F|  |TAMS 0x0000000083000000, 0x0000000083000000| Untracked 
|  49|0x0000000083100000, 0x0000000083100000, 0x0000000083200000|  0%| F|  |TAMS 0x0000000083100000, 0x0000000083100000| Untracked 
|  50|0x0000000083200000, 0x0000000083200000, 0x0000000083300000|  0%| F|  |TAMS 0x0000000083200000, 0x0000000083200000| Untracked 
|  51|0x0000000083300000, 0x0000000083300000, 0x0000000083400000|  0%| F|  |TAMS 0x0000000083300000, 0x0000000083300000| Untracked 
|  52|0x0000000083400000, 0x0000000083400000, 0x0000000083500000|  0%| F|  |TAMS 0x0000000083400000, 0x0000000083400000| Untracked 
|  53|0x0000000083500000, 0x0000000083500000, 0x0000000083600000|  0%| F|  |TAMS 0x0000000083500000, 0x0000000083500000| Untracked 
|  54|0x0000000083600000, 0x0000000083600000, 0x0000000083700000|  0%| F|  |TAMS 0x0000000083600000, 0x0000000083600000| Untracked 
|  55|0x0000000083700000, 0x0000000083700000, 0x0000000083800000|  0%| F|  |TAMS 0x0000000083700000, 0x0000000083700000| Untracked 
|  56|0x0000000083800000, 0x0000000083800000, 0x0000000083900000|  0%| F|  |TAMS 0x0000000083800000, 0x0000000083800000| Untracked 
|  57|0x0000000083900000, 0x0000000083900000, 0x0000000083a00000|  0%| F|  |TAMS 0x0000000083900000, 0x0000000083900000| Untracked 
|  58|0x0000000083a00000, 0x0000000083a00000, 0x0000000083b00000|  0%| F|  |TAMS 0x0000000083a00000, 0x0000000083a00000| Untracked 
|  59|0x0000000083b00000, 0x0000000083b00000, 0x0000000083c00000|  0%| F|  |TAMS 0x0000000083b00000, 0x0000000083b00000| Untracked 
|  60|0x0000000083c00000, 0x0000000083c00000, 0x0000000083d00000|  0%| F|  |TAMS 0x0000000083c00000, 0x0000000083c00000| Untracked 
|  61|0x0000000083d00000, 0x0000000083d00000, 0x0000000083e00000|  0%| F|  |TAMS 0x0000000083d00000, 0x0000000083d00000| Untracked 
|  62|0x0000000083e00000, 0x0000000083e00000, 0x0000000083f00000|  0%| F|  |TAMS 0x0000000083e00000, 0x0000000083e00000| Untracked 
|  63|0x0000000083f00000, 0x0000000083f00000, 0x0000000084000000|  0%| F|  |TAMS 0x0000000083f00000, 0x0000000083f00000| Untracked 
|  64|0x0000000084000000, 0x0000000084000000, 0x0000000084100000|  0%| F|  |TAMS 0x0000000084000000, 0x0000000084000000| Untracked 
|  65|0x0000000084100000, 0x0000000084100000, 0x0000000084200000|  0%| F|  |TAMS 0x0000000084100000, 0x0000000084100000| Untracked 
|  66|0x0000000084200000, 0x0000000084200000, 0x0000000084300000|  0%| F|  |TAMS 0x0000000084200000, 0x0000000084200000| Untracked 
|  67|0x0000000084300000, 0x0000000084300000, 0x0000000084400000|  0%| F|  |TAMS 0x0000000084300000, 0x0000000084300000| Untracked 
|  68|0x0000000084400000, 0x0000000084400000, 0x0000000084500000|  0%| F|  |TAMS 0x0000000084400000, 0x0000000084400000| Untracked 
|  69|0x0000000084500000, 0x0000000084500000, 0x0000000084600000|  0%| F|  |TAMS 0x0000000084500000, 0x0000000084500000| Untracked 
|  70|0x0000000084600000, 0x0000000084600000, 0x0000000084700000|  0%| F|  |TAMS 0x0000000084600000, 0x0000000084600000| Untracked 
|  71|0x0000000084700000, 0x0000000084700000, 0x0000000084800000|  0%| F|  |TAMS 0x0000000084700000, 0x0000000084700000| Untracked 
|  72|0x0000000084800000, 0x0000000084800000, 0x0000000084900000|  0%| F|  |TAMS 0x0000000084800000, 0x0000000084800000| Untracked 
|  73|0x0000000084900000, 0x0000000084900000, 0x0000000084a00000|  0%| F|  |TAMS 0x0000000084900000, 0x0000000084900000| Untracked 
|  74|0x0000000084a00000, 0x0000000084a00000, 0x0000000084b00000|  0%| F|  |TAMS 0x0000000084a00000, 0x0000000084a00000| Untracked 
|  75|0x0000000084b00000, 0x0000000084b00000, 0x0000000084c00000|  0%| F|  |TAMS 0x0000000084b00000, 0x0000000084b00000| Untracked 
|  76|0x0000000084c00000, 0x0000000084c00000, 0x0000000084d00000|  0%| F|  |TAMS 0x0000000084c00000, 0x0000000084c00000| Untracked 
|  77|0x0000000084d00000, 0x0000000084d00000, 0x0000000084e00000|  0%| F|  |TAMS 0x0000000084d00000, 0x0000000084d00000| Untracked 
|  78|0x0000000084e00000, 0x0000000084e00000, 0x0000000084f00000|  0%| F|  |TAMS 0x0000000084e00000, 0x0000000084e00000| Untracked 
|  79|0x0000000084f00000, 0x0000000084f00000, 0x0000000085000000|  0%| F|  |TAMS 0x0000000084f00000, 0x0000000084f00000| Untracked 
|  80|0x0000000085000000, 0x000000008509c880, 0x0000000085100000| 61%| S|CS|TAMS 0x0000000085000000, 0x0000000085000000| Complete 
|  81|0x0000000085100000, 0x0000000085200000, 0x0000000085200000|100%| S|CS|TAMS 0x0000000085100000, 0x0000000085100000| Complete 
|  82|0x0000000085200000, 0x0000000085300000, 0x0000000085300000|100%| S|CS|TAMS 0x0000000085200000, 0x0000000085200000| Complete 
|  83|0x0000000085300000, 0x0000000085400000, 0x0000000085400000|100%| S|CS|TAMS 0x0000000085300000, 0x0000000085300000| Complete 
|  84|0x0000000085400000, 0x0000000085500000, 0x0000000085500000|100%| S|CS|TAMS 0x0000000085400000, 0x0000000085400000| Complete 
|  85|0x0000000085500000, 0x0000000085600000, 0x0000000085600000|100%| S|CS|TAMS 0x0000000085500000, 0x0000000085500000| Complete 
|  86|0x0000000085600000, 0x0000000085700000, 0x0000000085700000|100%| S|CS|TAMS 0x0000000085600000, 0x0000000085600000| Complete 
|  87|0x0000000085700000, 0x0000000085700000, 0x0000000085800000|  0%| F|  |TAMS 0x0000000085700000, 0x0000000085700000| Untracked 
|  88|0x0000000085800000, 0x0000000085800000, 0x0000000085900000|  0%| F|  |TAMS 0x0000000085800000, 0x0000000085800000| Untracked 
|  89|0x0000000085900000, 0x0000000085900000, 0x0000000085a00000|  0%| F|  |TAMS 0x0000000085900000, 0x0000000085900000| Untracked 
|  90|0x0000000085a00000, 0x0000000085a00000, 0x0000000085b00000|  0%| F|  |TAMS 0x0000000085a00000, 0x0000000085a00000| Untracked 
|  91|0x0000000085b00000, 0x0000000085b00000, 0x0000000085c00000|  0%| F|  |TAMS 0x0000000085b00000, 0x0000000085b00000| Untracked 
|  92|0x0000000085c00000, 0x0000000085c00000, 0x0000000085d00000|  0%| F|  |TAMS 0x0000000085c00000, 0x0000000085c00000| Untracked 
|  93|0x0000000085d00000, 0x0000000085d00000, 0x0000000085e00000|  0%| F|  |TAMS 0x0000000085d00000, 0x0000000085d00000| Untracked 
|  94|0x0000000085e00000, 0x0000000085e00000, 0x0000000085f00000|  0%| F|  |TAMS 0x0000000085e00000, 0x0000000085e00000| Untracked 
|  95|0x0000000085f00000, 0x0000000085f00000, 0x0000000086000000|  0%| F|  |TAMS 0x0000000085f00000, 0x0000000085f00000| Untracked 
|  96|0x0000000086000000, 0x0000000086000000, 0x0000000086100000|  0%| F|  |TAMS 0x0000000086000000, 0x0000000086000000| Untracked 
|  97|0x0000000086100000, 0x0000000086100000, 0x0000000086200000|  0%| F|  |TAMS 0x0000000086100000, 0x0000000086100000| Untracked 
|  98|0x0000000086200000, 0x0000000086200000, 0x0000000086300000|  0%| F|  |TAMS 0x0000000086200000, 0x0000000086200000| Untracked 
|  99|0x0000000086300000, 0x0000000086300000, 0x0000000086400000|  0%| F|  |TAMS 0x0000000086300000, 0x0000000086300000| Untracked 
| 100|0x0000000086400000, 0x0000000086400000, 0x0000000086500000|  0%| F|  |TAMS 0x0000000086400000, 0x0000000086400000| Untracked 
| 101|0x0000000086500000, 0x0000000086500000, 0x0000000086600000|  0%| F|  |TAMS 0x0000000086500000, 0x0000000086500000| Untracked 
| 102|0x0000000086600000, 0x0000000086600000, 0x0000000086700000|  0%| F|  |TAMS 0x0000000086600000, 0x0000000086600000| Untracked 
| 103|0x0000000086700000, 0x0000000086700000, 0x0000000086800000|  0%| F|  |TAMS 0x0000000086700000, 0x0000000086700000| Untracked 
| 104|0x0000000086800000, 0x0000000086800000, 0x0000000086900000|  0%| F|  |TAMS 0x0000000086800000, 0x0000000086800000| Untracked 
| 105|0x0000000086900000, 0x0000000086900000, 0x0000000086a00000|  0%| F|  |TAMS 0x0000000086900000, 0x0000000086900000| Untracked 
| 106|0x0000000086a00000, 0x0000000086a00000, 0x0000000086b00000|  0%| F|  |TAMS 0x0000000086a00000, 0x0000000086a00000| Untracked 
| 107|0x0000000086b00000, 0x0000000086b00000, 0x0000000086c00000|  0%| F|  |TAMS 0x0000000086b00000, 0x0000000086b00000| Untracked 
| 108|0x0000000086c00000, 0x0000000086c00000, 0x0000000086d00000|  0%| F|  |TAMS 0x0000000086c00000, 0x0000000086c00000| Untracked 
| 109|0x0000000086d00000, 0x0000000086d00000, 0x0000000086e00000|  0%| F|  |TAMS 0x0000000086d00000, 0x0000000086d00000| Untracked 
| 110|0x0000000086e00000, 0x0000000086e00000, 0x0000000086f00000|  0%| F|  |TAMS 0x0000000086e00000, 0x0000000086e00000| Untracked 
| 111|0x0000000086f00000, 0x0000000086f00000, 0x0000000087000000|  0%| F|  |TAMS 0x0000000086f00000, 0x0000000086f00000| Untracked 
| 112|0x0000000087000000, 0x0000000087000000, 0x0000000087100000|  0%| F|  |TAMS 0x0000000087000000, 0x0000000087000000| Untracked 
| 113|0x0000000087100000, 0x0000000087100000, 0x0000000087200000|  0%| F|  |TAMS 0x0000000087100000, 0x0000000087100000| Untracked 
| 114|0x0000000087200000, 0x0000000087200000, 0x0000000087300000|  0%| F|  |TAMS 0x0000000087200000, 0x0000000087200000| Untracked 
| 115|0x0000000087300000, 0x0000000087300000, 0x0000000087400000|  0%| F|  |TAMS 0x0000000087300000, 0x0000000087300000| Untracked 
| 116|0x0000000087400000, 0x0000000087400000, 0x0000000087500000|  0%| F|  |TAMS 0x0000000087400000, 0x0000000087400000| Untracked 
| 117|0x0000000087500000, 0x0000000087500000, 0x0000000087600000|  0%| F|  |TAMS 0x0000000087500000, 0x0000000087500000| Untracked 
| 118|0x0000000087600000, 0x0000000087600000, 0x0000000087700000|  0%| F|  |TAMS 0x0000000087600000, 0x0000000087600000| Untracked 
| 119|0x0000000087700000, 0x0000000087700000, 0x0000000087800000|  0%| F|  |TAMS 0x0000000087700000, 0x0000000087700000| Untracked 
| 120|0x0000000087800000, 0x0000000087800000, 0x0000000087900000|  0%| F|  |TAMS 0x0000000087800000, 0x0000000087800000| Untracked 
| 121|0x0000000087900000, 0x0000000087900000, 0x0000000087a00000|  0%| F|  |TAMS 0x0000000087900000, 0x0000000087900000| Untracked 
| 122|0x0000000087a00000, 0x0000000087a00000, 0x0000000087b00000|  0%| F|  |TAMS 0x0000000087a00000, 0x0000000087a00000| Untracked 
| 123|0x0000000087b00000, 0x0000000087b00000, 0x0000000087c00000|  0%| F|  |TAMS 0x0000000087b00000, 0x0000000087b00000| Untracked 
| 124|0x0000000087c00000, 0x0000000087c00000, 0x0000000087d00000|  0%| F|  |TAMS 0x0000000087c00000, 0x0000000087c00000| Untracked 
| 125|0x0000000087d00000, 0x0000000087d00000, 0x0000000087e00000|  0%| F|  |TAMS 0x0000000087d00000, 0x0000000087d00000| Untracked 
| 126|0x0000000087e00000, 0x0000000087e00000, 0x0000000087f00000|  0%| F|  |TAMS 0x0000000087e00000, 0x0000000087e00000| Untracked 
| 127|0x0000000087f00000, 0x0000000087f00000, 0x0000000088000000|  0%| F|  |TAMS 0x0000000087f00000, 0x0000000087f00000| Untracked 
| 128|0x0000000088000000, 0x0000000088000000, 0x0000000088100000|  0%| F|  |TAMS 0x0000000088000000, 0x0000000088000000| Untracked 
| 129|0x0000000088100000, 0x0000000088100000, 0x0000000088200000|  0%| F|  |TAMS 0x0000000088100000, 0x0000000088100000| Untracked 
| 130|0x0000000088200000, 0x0000000088200000, 0x0000000088300000|  0%| F|  |TAMS 0x0000000088200000, 0x0000000088200000| Untracked 
| 131|0x0000000088300000, 0x0000000088300000, 0x0000000088400000|  0%| F|  |TAMS 0x0000000088300000, 0x0000000088300000| Untracked 
| 132|0x0000000088400000, 0x0000000088400000, 0x0000000088500000|  0%| F|  |TAMS 0x0000000088400000, 0x0000000088400000| Untracked 
| 133|0x0000000088500000, 0x0000000088500000, 0x0000000088600000|  0%| F|  |TAMS 0x0000000088500000, 0x0000000088500000| Untracked 
| 134|0x0000000088600000, 0x0000000088600000, 0x0000000088700000|  0%| F|  |TAMS 0x0000000088600000, 0x0000000088600000| Untracked 
| 135|0x0000000088700000, 0x0000000088700000, 0x0000000088800000|  0%| F|  |TAMS 0x0000000088700000, 0x0000000088700000| Untracked 
| 136|0x0000000088800000, 0x0000000088800000, 0x0000000088900000|  0%| F|  |TAMS 0x0000000088800000, 0x0000000088800000| Untracked 
| 137|0x0000000088900000, 0x0000000088900000, 0x0000000088a00000|  0%| F|  |TAMS 0x0000000088900000, 0x0000000088900000| Untracked 
| 138|0x0000000088a00000, 0x0000000088a00000, 0x0000000088b00000|  0%| F|  |TAMS 0x0000000088a00000, 0x0000000088a00000| Untracked 
| 139|0x0000000088b00000, 0x0000000088b00000, 0x0000000088c00000|  0%| F|  |TAMS 0x0000000088b00000, 0x0000000088b00000| Untracked 
| 140|0x0000000088c00000, 0x0000000088c00000, 0x0000000088d00000|  0%| F|  |TAMS 0x0000000088c00000, 0x0000000088c00000| Untracked 
| 141|0x0000000088d00000, 0x0000000088d00000, 0x0000000088e00000|  0%| F|  |TAMS 0x0000000088d00000, 0x0000000088d00000| Untracked 
| 142|0x0000000088e00000, 0x0000000088e80800, 0x0000000088f00000| 50%| E|  |TAMS 0x0000000088e00000, 0x0000000088e00000| Complete 
| 143|0x0000000088f00000, 0x0000000089000000, 0x0000000089000000|100%| E|CS|TAMS 0x0000000088f00000, 0x0000000088f00000| Complete 
| 144|0x0000000089000000, 0x0000000089100000, 0x0000000089100000|100%| E|CS|TAMS 0x0000000089000000, 0x0000000089000000| Complete 
| 145|0x0000000089100000, 0x0000000089200000, 0x0000000089200000|100%| E|CS|TAMS 0x0000000089100000, 0x0000000089100000| Complete 
| 146|0x0000000089200000, 0x0000000089300000, 0x0000000089300000|100%| E|CS|TAMS 0x0000000089200000, 0x0000000089200000| Complete 
| 147|0x0000000089300000, 0x0000000089400000, 0x0000000089400000|100%| E|CS|TAMS 0x0000000089300000, 0x0000000089300000| Complete 
| 148|0x0000000089400000, 0x0000000089500000, 0x0000000089500000|100%| E|CS|TAMS 0x0000000089400000, 0x0000000089400000| Complete 
| 149|0x0000000089500000, 0x0000000089600000, 0x0000000089600000|100%| E|CS|TAMS 0x0000000089500000, 0x0000000089500000| Complete 
| 150|0x0000000089600000, 0x0000000089700000, 0x0000000089700000|100%| E|CS|TAMS 0x0000000089600000, 0x0000000089600000| Complete 
| 151|0x0000000089700000, 0x0000000089800000, 0x0000000089800000|100%| E|CS|TAMS 0x0000000089700000, 0x0000000089700000| Complete 
| 152|0x0000000089800000, 0x0000000089900000, 0x0000000089900000|100%| E|CS|TAMS 0x0000000089800000, 0x0000000089800000| Complete 
| 153|0x0000000089900000, 0x0000000089a00000, 0x0000000089a00000|100%| E|CS|TAMS 0x0000000089900000, 0x0000000089900000| Complete 
| 154|0x0000000089a00000, 0x0000000089b00000, 0x0000000089b00000|100%| E|CS|TAMS 0x0000000089a00000, 0x0000000089a00000| Complete 
| 155|0x0000000089b00000, 0x0000000089c00000, 0x0000000089c00000|100%| E|CS|TAMS 0x0000000089b00000, 0x0000000089b00000| Complete 
| 156|0x0000000089c00000, 0x0000000089d00000, 0x0000000089d00000|100%| E|CS|TAMS 0x0000000089c00000, 0x0000000089c00000| Complete 
| 157|0x0000000089d00000, 0x0000000089e00000, 0x0000000089e00000|100%| E|CS|TAMS 0x0000000089d00000, 0x0000000089d00000| Complete 
| 158|0x0000000089e00000, 0x0000000089f00000, 0x0000000089f00000|100%| E|CS|TAMS 0x0000000089e00000, 0x0000000089e00000| Complete 
| 159|0x0000000089f00000, 0x000000008a000000, 0x000000008a000000|100%| E|CS|TAMS 0x0000000089f00000, 0x0000000089f00000| Complete 
| 160|0x000000008a000000, 0x000000008a100000, 0x000000008a100000|100%| E|CS|TAMS 0x000000008a000000, 0x000000008a000000| Complete 
| 161|0x000000008a100000, 0x000000008a200000, 0x000000008a200000|100%| E|CS|TAMS 0x000000008a100000, 0x000000008a100000| Complete 
| 162|0x000000008a200000, 0x000000008a300000, 0x000000008a300000|100%| E|CS|TAMS 0x000000008a200000, 0x000000008a200000| Complete 
| 163|0x000000008a300000, 0x000000008a400000, 0x000000008a400000|100%| E|CS|TAMS 0x000000008a300000, 0x000000008a300000| Complete 
| 164|0x000000008a400000, 0x000000008a500000, 0x000000008a500000|100%| E|CS|TAMS 0x000000008a400000, 0x000000008a400000| Complete 
| 165|0x000000008a500000, 0x000000008a600000, 0x000000008a600000|100%| E|CS|TAMS 0x000000008a500000, 0x000000008a500000| Complete 
| 166|0x000000008a600000, 0x000000008a700000, 0x000000008a700000|100%| E|CS|TAMS 0x000000008a600000, 0x000000008a600000| Complete 
| 167|0x000000008a700000, 0x000000008a800000, 0x000000008a800000|100%| E|CS|TAMS 0x000000008a700000, 0x000000008a700000| Complete 
| 168|0x000000008a800000, 0x000000008a900000, 0x000000008a900000|100%| E|CS|TAMS 0x000000008a800000, 0x000000008a800000| Complete 
| 169|0x000000008a900000, 0x000000008aa00000, 0x000000008aa00000|100%| E|CS|TAMS 0x000000008a900000, 0x000000008a900000| Complete 
| 170|0x000000008aa00000, 0x000000008ab00000, 0x000000008ab00000|100%| E|CS|TAMS 0x000000008aa00000, 0x000000008aa00000| Complete 
| 171|0x000000008ab00000, 0x000000008ac00000, 0x000000008ac00000|100%| E|CS|TAMS 0x000000008ab00000, 0x000000008ab00000| Complete 
| 172|0x000000008ac00000, 0x000000008ad00000, 0x000000008ad00000|100%| E|CS|TAMS 0x000000008ac00000, 0x000000008ac00000| Complete 
| 173|0x000000008ad00000, 0x000000008ae00000, 0x000000008ae00000|100%| E|CS|TAMS 0x000000008ad00000, 0x000000008ad00000| Complete 
| 174|0x000000008ae00000, 0x000000008af00000, 0x000000008af00000|100%| E|CS|TAMS 0x000000008ae00000, 0x000000008ae00000| Complete 
| 175|0x000000008af00000, 0x000000008b000000, 0x000000008b000000|100%| E|CS|TAMS 0x000000008af00000, 0x000000008af00000| Complete 
| 176|0x000000008b000000, 0x000000008b100000, 0x000000008b100000|100%| E|CS|TAMS 0x000000008b000000, 0x000000008b000000| Complete 
| 177|0x000000008b100000, 0x000000008b200000, 0x000000008b200000|100%| E|CS|TAMS 0x000000008b100000, 0x000000008b100000| Complete 
| 178|0x000000008b200000, 0x000000008b300000, 0x000000008b300000|100%| E|CS|TAMS 0x000000008b200000, 0x000000008b200000| Complete 
| 179|0x000000008b300000, 0x000000008b400000, 0x000000008b400000|100%| E|CS|TAMS 0x000000008b300000, 0x000000008b300000| Complete 
| 180|0x000000008b400000, 0x000000008b500000, 0x000000008b500000|100%| E|CS|TAMS 0x000000008b400000, 0x000000008b400000| Complete 
| 181|0x000000008b500000, 0x000000008b600000, 0x000000008b600000|100%| E|CS|TAMS 0x000000008b500000, 0x000000008b500000| Complete 
| 182|0x000000008b600000, 0x000000008b700000, 0x000000008b700000|100%| E|CS|TAMS 0x000000008b600000, 0x000000008b600000| Complete 

Card table byte_map: [0x000001da998c0000,0x000001da99cc0000] _byte_map_base: 0x000001da994c0000

Marking Bits (Prev, Next): (CMBitMap*) 0x000001da869fd850, (CMBitMap*) 0x000001da869fd818
 Prev Bits: [0x000001da9c0c0000, 0x000001da9e0c0000)
 Next Bits: [0x000001da9a0c0000, 0x000001da9c0c0000)

Polling page: 0x000001da861a0000

Metaspace:

Usage:
  Non-class:     58.69 MB capacity,    57.71 MB ( 98%) used,   840.48 KB (  1%) free+waste,   164.63 KB ( <1%) overhead. 
      Class:      9.03 MB capacity,     8.46 MB ( 94%) used,   515.38 KB (  6%) free+waste,    76.63 KB ( <1%) overhead. 
       Both:     67.73 MB capacity,    66.17 MB ( 98%) used,     1.32 MB (  2%) free+waste,   241.25 KB ( <1%) overhead. 

Virtual space:
  Non-class space:       60.00 MB reserved,      58.75 MB ( 98%) committed 
      Class space:        1.00 GB reserved,       9.07 MB ( <1%) committed 
             Both:        1.06 GB reserved,      67.82 MB (  6%) committed 

Chunk freelists:
   Non-Class:  58.00 KB
       Class:  29.00 KB
        Both:  87.00 KB

MaxMetaspaceSize: 17179869184.00 GB
CompressedClassSpaceSize: 1.00 GB

CodeHeap 'non-profiled nmethods': size=120064Kb used=3163Kb max_used=3163Kb free=116900Kb
 bounds [0x000001da91f80000, 0x000001da922a0000, 0x000001da994c0000]
CodeHeap 'profiled nmethods': size=120000Kb used=13518Kb max_used=13518Kb free=106481Kb
 bounds [0x000001da8aa50000, 0x000001da8b790000, 0x000001da91f80000]
CodeHeap 'non-nmethods': size=5696Kb used=2265Kb max_used=2294Kb free=3430Kb
 bounds [0x000001da8a4c0000, 0x000001da8a730000, 0x000001da8aa50000]
 total_blobs=7203 nmethods=6346 adapters=768
 compilation: enabled
              stopped_count=0, restarted_count=0
 full_count=0

Compilation events (20 events):
Event: 28.550 Thread 0x000001daa05c4800 6431       3       com.android.build.gradle.options.ProjectOptions$OptionValue::getValueForUseAtConfiguration (25 bytes)
Event: 28.550 Thread 0x000001daa05c4800 nmethod 6431 0x000001da8b77f410 code [0x000001da8b77f600, 0x000001da8b77fa68]
Event: 28.550 Thread 0x000001daa05c4800 6432       3       com.android.build.gradle.options.ProjectOptions$OptionValue$$Lambda$519/0x000000010069dc40::call (12 bytes)
Event: 28.551 Thread 0x000001daa05c4800 nmethod 6432 0x000001da8b77fc10 code [0x000001da8b77fe20, 0x000001da8b7804d8]
Event: 28.551 Thread 0x000001daa05c4800 6433       3       com.android.build.gradle.options.ProjectOptions$OptionValue::lambda$setValueForUseAtConfiguration$0 (32 bytes)
Event: 28.551 Thread 0x000001daa05c4800 nmethod 6433 0x000001da8b780710 code [0x000001da8b780920, 0x000001da8b780f78]
Event: 28.559 Thread 0x000001daa05c4800 6434       1       org.gradle.internal.ImmutableActionSet$SetWithFewActions::isEmpty (2 bytes)
Event: 28.559 Thread 0x000001daa05c4800 nmethod 6434 0x000001da92296890 code [0x000001da92296a40, 0x000001da92296af8]
Event: 28.733 Thread 0x000001daa05c4800 6435       3       org.gradle.configuration.internal.DefaultUserCodeApplicationContext::current (11 bytes)
Event: 28.733 Thread 0x000001daa05c4800 nmethod 6435 0x000001da8b781190 code [0x000001da8b781360, 0x000001da8b781608]
Event: 28.739 Thread 0x000001daa05c4800 6436       3       javax.management.ObjectName::getInstance (9 bytes)
Event: 28.739 Thread 0x000001daa05c4800 nmethod 6436 0x000001da8b781710 code [0x000001da8b7818e0, 0x000001da8b781b08]
Event: 28.742 Thread 0x000001daa05c4800 6437       1       com.android.build.api.artifact.impl.TypedStorageProvider::access$getPropertyAllocator$p (5 bytes)
Event: 28.742 Thread 0x000001daa05c4800 nmethod 6437 0x000001da92296b90 code [0x000001da92296d40, 0x000001da92296dd8]
Event: 28.742 Thread 0x000001daa05c4800 6438       3       org.gradle.api.internal.DefaultCollectionCallbackActionDecorator::decorate (51 bytes)
Event: 28.743 Thread 0x000001daa05c4800 nmethod 6438 0x000001da8b781c10 code [0x000001da8b781e40, 0x000001da8b7828a8]
Event: 28.920 Thread 0x000001daa05c4800 6439       3       org.gradle.internal.ImmutableActionSet::mergeFrom (37 bytes)
Event: 28.921 Thread 0x000001daa05c4800 nmethod 6439 0x000001da8b782b90 code [0x000001da8b782d80, 0x000001da8b7831e8]
Event: 28.933 Thread 0x000001daa05c4800 6440       3       org.gradle.api.internal.DefaultDomainObjectCollection::withMutationDisabled (11 bytes)
Event: 28.933 Thread 0x000001daa05c4800 nmethod 6440 0x000001da8b783310 code [0x000001da8b7834e0, 0x000001da8b783758]

GC Heap History (20 events):
Event: 2.546 GC heap before
{Heap before GC invocations=2 (full 0):
 garbage-first heap   total 129024K, used 30435K [0x0000000080000000, 0x0000000100000000)
  region size 1024K, 23 young (23552K), 1 survivors (1024K)
 Metaspace       used 10729K, capacity 10943K, committed 11264K, reserved 1058816K
  class space    used 1123K, capacity 1206K, committed 1280K, reserved 1048576K
}
Event: 2.550 GC heap after
{Heap after GC invocations=3 (full 0):
 garbage-first heap   total 129024K, used 9673K [0x0000000080000000, 0x0000000100000000)
  region size 1024K, 2 young (2048K), 2 survivors (2048K)
 Metaspace       used 10729K, capacity 10943K, committed 11264K, reserved 1058816K
  class space    used 1123K, capacity 1206K, committed 1280K, reserved 1048576K
}
Event: 3.473 GC heap before
{Heap before GC invocations=3 (full 0):
 garbage-first heap   total 129024K, used 44489K [0x0000000080000000, 0x0000000100000000)
  region size 1024K, 35 young (35840K), 2 survivors (2048K)
 Metaspace       used 12178K, capacity 12489K, committed 12800K, reserved 1060864K
  class space    used 1345K, capacity 1444K, committed 1536K, reserved 1048576K
}
Event: 3.482 GC heap after
{Heap after GC invocations=4 (full 0):
 garbage-first heap   total 129024K, used 14202K [0x0000000080000000, 0x0000000100000000)
  region size 1024K, 5 young (5120K), 5 survivors (5120K)
 Metaspace       used 12178K, capacity 12489K, committed 12800K, reserved 1060864K
  class space    used 1345K, capacity 1444K, committed 1536K, reserved 1048576K
}
Event: 6.820 GC heap before
{Heap before GC invocations=4 (full 0):
 garbage-first heap   total 129024K, used 58234K [0x0000000080000000, 0x0000000100000000)
  region size 1024K, 50 young (51200K), 5 survivors (5120K)
 Metaspace       used 20629K, capacity 21122K, committed 21248K, reserved 1067008K
  class space    used 2522K, capacity 2720K, committed 2816K, reserved 1048576K
}
Event: 6.835 GC heap after
{Heap after GC invocations=5 (full 0):
 garbage-first heap   total 129024K, used 17149K [0x0000000080000000, 0x0000000100000000)
  region size 1024K, 3 young (3072K), 3 survivors (3072K)
 Metaspace       used 20629K, capacity 21122K, committed 21248K, reserved 1067008K
  class space    used 2522K, capacity 2720K, committed 2816K, reserved 1048576K
}
Event: 8.238 GC heap before
{Heap before GC invocations=6 (full 0):
 garbage-first heap   total 129024K, used 71421K [0x0000000080000000, 0x0000000100000000)
  region size 1024K, 56 young (57344K), 3 survivors (3072K)
 Metaspace       used 25947K, capacity 26521K, committed 26752K, reserved 1073152K
  class space    used 3400K, capacity 3631K, committed 3712K, reserved 1048576K
}
Event: 8.248 GC heap after
{Heap after GC invocations=7 (full 0):
 garbage-first heap   total 129024K, used 19039K [0x0000000080000000, 0x0000000100000000)
  region size 1024K, 5 young (5120K), 5 survivors (5120K)
 Metaspace       used 25947K, capacity 26521K, committed 26752K, reserved 1073152K
  class space    used 3400K, capacity 3631K, committed 3712K, reserved 1048576K
}
Event: 10.402 GC heap before
{Heap before GC invocations=7 (full 0):
 garbage-first heap   total 129024K, used 74335K [0x0000000080000000, 0x0000000100000000)
  region size 1024K, 60 young (61440K), 5 survivors (5120K)
 Metaspace       used 35062K, capacity 35834K, committed 35840K, reserved 1081344K
  class space    used 4542K, capacity 4864K, committed 4864K, reserved 1048576K
}
Event: 10.423 GC heap after
{Heap after GC invocations=8 (full 0):
 garbage-first heap   total 129024K, used 22504K [0x0000000080000000, 0x0000000100000000)
  region size 1024K, 8 young (8192K), 8 survivors (8192K)
 Metaspace       used 35062K, capacity 35834K, committed 35840K, reserved 1081344K
  class space    used 4542K, capacity 4864K, committed 4864K, reserved 1048576K
}
Event: 13.938 GC heap before
{Heap before GC invocations=9 (full 0):
 garbage-first heap   total 129024K, used 93160K [0x0000000080000000, 0x0000000100000000)
  region size 1024K, 75 young (76800K), 8 survivors (8192K)
 Metaspace       used 40056K, capacity 41009K, committed 41164K, reserved 1085440K
  class space    used 5143K, capacity 5494K, committed 5580K, reserved 1048576K
}
Event: 13.967 GC heap after
{Heap after GC invocations=10 (full 0):
 garbage-first heap   total 155648K, used 27722K [0x0000000080000000, 0x0000000100000000)
  region size 1024K, 9 young (9216K), 9 survivors (9216K)
 Metaspace       used 40056K, capacity 41009K, committed 41164K, reserved 1085440K
  class space    used 5143K, capacity 5494K, committed 5580K, reserved 1048576K
}
Event: 17.982 GC heap before
{Heap before GC invocations=10 (full 0):
 garbage-first heap   total 155648K, used 103498K [0x0000000080000000, 0x0000000100000000)
  region size 1024K, 83 young (84992K), 9 survivors (9216K)
 Metaspace       used 46468K, capacity 47632K, committed 47948K, reserved 1091584K
  class space    used 5951K, capacity 6397K, committed 6476K, reserved 1048576K
}
Event: 18.004 GC heap after
{Heap after GC invocations=11 (full 0):
 garbage-first heap   total 155648K, used 30169K [0x0000000080000000, 0x0000000100000000)
  region size 1024K, 8 young (8192K), 8 survivors (8192K)
 Metaspace       used 46468K, capacity 47632K, committed 47948K, reserved 1091584K
  class space    used 5951K, capacity 6397K, committed 6476K, reserved 1048576K
}
Event: 21.657 GC heap before
{Heap before GC invocations=11 (full 0):
 garbage-first heap   total 155648K, used 117209K [0x0000000080000000, 0x0000000100000000)
  region size 1024K, 90 young (92160K), 8 survivors (8192K)
 Metaspace       used 55132K, capacity 56504K, committed 56652K, reserved 1097728K
  class space    used 6981K, capacity 7461K, committed 7500K, reserved 1048576K
}
Event: 21.682 GC heap after
{Heap after GC invocations=12 (full 0):
 garbage-first heap   total 155648K, used 43490K [0x0000000080000000, 0x0000000100000000)
  region size 1024K, 12 young (12288K), 12 survivors (12288K)
 Metaspace       used 55132K, capacity 56504K, committed 56652K, reserved 1097728K
  class space    used 6981K, capacity 7461K, committed 7500K, reserved 1048576K
}
Event: 23.073 GC heap before
{Heap before GC invocations=12 (full 0):
 garbage-first heap   total 155648K, used 63970K [0x0000000080000000, 0x0000000100000000)
  region size 1024K, 33 young (33792K), 12 survivors (12288K)
 Metaspace       used 58704K, capacity 60135K, committed 60236K, reserved 1101824K
  class space    used 7409K, capacity 7942K, committed 8012K, reserved 1048576K
}
Event: 23.109 GC heap after
{Heap after GC invocations=13 (full 0):
 garbage-first heap   total 155648K, used 44871K [0x0000000080000000, 0x0000000100000000)
  region size 1024K, 2 young (2048K), 2 survivors (2048K)
 Metaspace       used 58704K, capacity 60135K, committed 60236K, reserved 1101824K
  class space    used 7409K, capacity 7942K, committed 8012K, reserved 1048576K
}
Event: 26.484 GC heap before
{Heap before GC invocations=14 (full 0):
 garbage-first heap   total 155648K, used 109383K [0x0000000080000000, 0x0000000100000000)
  region size 1024K, 65 young (66560K), 2 survivors (2048K)
 Metaspace       used 64294K, capacity 65820K, committed 66124K, reserved 1105920K
  class space    used 8133K, capacity 8692K, committed 8780K, reserved 1048576K
}
Event: 26.518 GC heap after
{Heap after GC invocations=15 (full 0):
 garbage-first heap   total 187392K, used 49593K [0x0000000080000000, 0x0000000100000000)
  region size 1024K, 7 young (7168K), 7 survivors (7168K)
 Metaspace       used 64294K, capacity 65820K, committed 66124K, reserved 1105920K
  class space    used 8133K, capacity 8692K, committed 8780K, reserved 1048576K
}

Deoptimization events (20 events):
Event: 26.087 Thread 0x000001daa1f44800 Uncommon trap: trap_request=0xffffff4d fr.pc=0x000001da91fc7294 relative=0x0000000000000454
Event: 26.087 Thread 0x000001daa1f44800 Uncommon trap: reason=unstable_if action=reinterpret pc=0x000001da91fc7294 method=java.lang.AbstractStringBuilder.putStringAt(ILjava/lang/String;)V @ 8 c2
Event: 26.087 Thread 0x000001daa1f44800 DEOPT PACKING pc=0x000001da91fc7294 sp=0x00000069601f6c30
Event: 26.087 Thread 0x000001daa1f44800 DEOPT UNPACKING pc=0x000001da8a4e662f sp=0x00000069601f6b90 mode 2
Event: 26.087 Thread 0x000001daa1f44800 Uncommon trap: trap_request=0xffffff4d fr.pc=0x000001da91fb1aec relative=0x00000000000000cc
Event: 26.087 Thread 0x000001daa1f44800 Uncommon trap: reason=unstable_if action=reinterpret pc=0x000001da91fb1aec method=java.lang.String.getBytes([BIB)V @ 5 c2
Event: 26.087 Thread 0x000001daa1f44800 DEOPT PACKING pc=0x000001da91fb1aec sp=0x00000069601f6b40
Event: 26.087 Thread 0x000001daa1f44800 DEOPT UNPACKING pc=0x000001da8a4e662f sp=0x00000069601f6b08 mode 2
Event: 26.439 Thread 0x000001daa1f44800 Uncommon trap: trap_request=0xffffff4d fr.pc=0x000001da920f7994 relative=0x0000000000000354
Event: 26.439 Thread 0x000001daa1f44800 Uncommon trap: reason=unstable_if action=reinterpret pc=0x000001da920f7994 method=java.util.StringJoiner.add(Ljava/lang/CharSequence;)Ljava/util/StringJoiner; @ 33 c2
Event: 26.439 Thread 0x000001daa1f44800 DEOPT PACKING pc=0x000001da920f7994 sp=0x00000069601f6200
Event: 26.439 Thread 0x000001daa1f44800 DEOPT UNPACKING pc=0x000001da8a4e662f sp=0x00000069601f61b0 mode 2
Event: 26.799 Thread 0x000001daa1f44800 Uncommon trap: trap_request=0xffffff4d fr.pc=0x000001da92267020 relative=0x0000000000000740
Event: 26.799 Thread 0x000001daa1f44800 Uncommon trap: reason=unstable_if action=reinterpret pc=0x000001da92267020 method=java.lang.PublicMethods$MethodList.filter([Ljava/lang/reflect/Method;Ljava/lang/String;[Ljava/lang/Class;Z)Ljava/lang/PublicMethods$MethodList; @ 43 c2
Event: 26.799 Thread 0x000001daa1f44800 DEOPT PACKING pc=0x000001da92267020 sp=0x00000069601f4ee0
Event: 26.799 Thread 0x000001daa1f44800 DEOPT UNPACKING pc=0x000001da8a4e662f sp=0x00000069601f4ea0 mode 2
Event: 26.962 Thread 0x000001daa1f44800 Uncommon trap: trap_request=0xffffff4d fr.pc=0x000001da921d0700 relative=0x0000000000000e20
Event: 26.962 Thread 0x000001daa1f44800 Uncommon trap: reason=unstable_if action=reinterpret pc=0x000001da921d0700 method=org.codehaus.groovy.runtime.metaclass.MetaMethodIndex.isOverridden(Lgroovy/lang/MetaMethod;Lgroovy/lang/MetaMethod;)Z @ 33 c2
Event: 26.962 Thread 0x000001daa1f44800 DEOPT PACKING pc=0x000001da921d0700 sp=0x00000069601f5100
Event: 26.962 Thread 0x000001daa1f44800 DEOPT UNPACKING pc=0x000001da8a4e662f sp=0x00000069601f5058 mode 2

Classes redefined (0 events):
No events

Internal exceptions (20 events):
Event: 26.875 Thread 0x000001daa1f44800 Exception <a 'java/lang/ClassNotFoundException'{0x000000008ae44ea0}: org/gradle/api/internal/DefaultNamedDomainObjectSetCustomizer> (0x000000008ae44ea0) thrown at [./src/hotspot/share/classfile/systemDictionary.cpp, line 231]
Event: 26.879 Thread 0x000001daa1f44800 Exception <a 'java/lang/ClassNotFoundException'{0x000000008ae8dd88}: org/gradle/api/internal/AbstractNamedDomainObjectContainerCustomizer> (0x000000008ae8dd88) thrown at [./src/hotspot/share/classfile/systemDictionary.cpp, line 231]
Event: 26.889 Thread 0x000001daa1f44800 Exception <a 'java/lang/ClassNotFoundException'{0x000000008aed5460}: org/gradle/api/internal/FactoryNamedDomainObjectContainerCustomizer> (0x000000008aed5460) thrown at [./src/hotspot/share/classfile/systemDictionary.cpp, line 231]
Event: 26.896 Thread 0x000001daa1f44800 Exception <a 'java/lang/ClassNotFoundException'{0x000000008ad158f8}: org/gradle/api/internal/FactoryNamedDomainObjectContainer_DecoratedCustomizer> (0x000000008ad158f8) thrown at [./src/hotspot/share/classfile/systemDictionary.cpp, line 231]
Event: 26.968 Thread 0x000001daa1f44800 Exception <a 'java/lang/ClassNotFoundException'{0x000000008ab3fbf8}: com/android/build/gradle/internal/dsl/BuildType_DecoratedBeanInfo> (0x000000008ab3fbf8) thrown at [./src/hotspot/share/classfile/systemDictionary.cpp, line 231]
Event: 26.969 Thread 0x000001daa1f44800 Exception <a 'java/lang/ClassNotFoundException'{0x000000008ab582e0}: com/android/build/gradle/internal/dsl/BuildTypeBeanInfo> (0x000000008ab582e0) thrown at [./src/hotspot/share/classfile/systemDictionary.cpp, line 231]
Event: 26.971 Thread 0x000001daa1f44800 Exception <a 'java/lang/ClassNotFoundException'{0x000000008ab6fe40}: com/android/builder/core/AbstractBuildTypeBeanInfo> (0x000000008ab6fe40) thrown at [./src/hotspot/share/classfile/systemDictionary.cpp, line 231]
Event: 26.972 Thread 0x000001daa1f44800 Exception <a 'java/lang/ClassNotFoundException'{0x000000008ab88368}: com/android/builder/core/AbstractBuildTypeCustomizer> (0x000000008ab88368) thrown at [./src/hotspot/share/classfile/systemDictionary.cpp, line 231]
Event: 26.975 Thread 0x000001daa1f44800 Exception <a 'java/lang/ClassNotFoundException'{0x000000008abbcfa0}: com/android/build/gradle/internal/dsl/BuildTypeCustomizer> (0x000000008abbcfa0) thrown at [./src/hotspot/share/classfile/systemDictionary.cpp, line 231]
Event: 27.022 Thread 0x000001daa1f44800 Exception <a 'java/lang/ClassNotFoundException'{0x000000008aa49778}: com/android/build/gradle/internal/dsl/BuildType_DecoratedCustomizer> (0x000000008aa49778) thrown at [./src/hotspot/share/classfile/systemDictionary.cpp, line 231]
Event: 27.039 Thread 0x000001daa1f44800 Exception <a 'java/lang/ClassNotFoundException'{0x000000008a911860}: build_e5h6yxnf9mdvo5bulvubd9lzi$_run_closure1$_closure4BeanInfo> (0x000000008a911860) thrown at [./src/hotspot/share/classfile/systemDictionary.cpp, line 231]
Event: 27.040 Thread 0x000001daa1f44800 Exception <a 'java/lang/ClassNotFoundException'{0x000000008a921fc8}: build_e5h6yxnf9mdvo5bulvubd9lzi$_run_closure1$_closure4Customizer> (0x000000008a921fc8) thrown at [./src/hotspot/share/classfile/systemDictionary.cpp, line 231]
Event: 27.045 Thread 0x000001daa1f44800 Exception <a 'java/lang/ClassNotFoundException'{0x000000008a950ae0}: build_e5h6yxnf9mdvo5bulvubd9lzi$_run_closure1BeanInfo> (0x000000008a950ae0) thrown at [./src/hotspot/share/classfile/systemDictionary.cpp, line 231]
Event: 27.046 Thread 0x000001daa1f44800 Exception <a 'java/lang/ClassNotFoundException'{0x000000008a9608f0}: build_e5h6yxnf9mdvo5bulvubd9lzi$_run_closure1Customizer> (0x000000008a9608f0) thrown at [./src/hotspot/share/classfile/systemDictionary.cpp, line 231]
Event: 27.057 Thread 0x000001daa1f44800 Exception <a 'java/lang/ClassNotFoundException'{0x000000008a9be648}: org/gradle/api/JavaVersionBeanInfo> (0x000000008a9be648) thrown at [./src/hotspot/share/classfile/systemDictionary.cpp, line 231]
Event: 27.059 Thread 0x000001daa1f44800 Exception <a 'java/lang/ClassNotFoundException'{0x000000008a9e88f0}: org/gradle/api/JavaVersionCustomizer> (0x000000008a9e88f0) thrown at [./src/hotspot/share/classfile/systemDictionary.cpp, line 231]
Event: 27.074 Thread 0x000001daa1f44800 Exception <a 'java/lang/ClassNotFoundException'{0x000000008a841920}: com/android/build/gradle/internal/CompileOptions_DecoratedBeanInfo> (0x000000008a841920) thrown at [./src/hotspot/share/classfile/systemDictionary.cpp, line 231]
Event: 27.076 Thread 0x000001daa1f44800 Exception <a 'java/lang/ClassNotFoundException'{0x000000008a858d78}: com/android/build/gradle/internal/CompileOptionsBeanInfo> (0x000000008a858d78) thrown at [./src/hotspot/share/classfile/systemDictionary.cpp, line 231]
Event: 27.077 Thread 0x000001daa1f44800 Exception <a 'java/lang/ClassNotFoundException'{0x000000008a870960}: com/android/build/gradle/internal/CompileOptionsCustomizer> (0x000000008a870960) thrown at [./src/hotspot/share/classfile/systemDictionary.cpp, line 231]
Event: 27.080 Thread 0x000001daa1f44800 Exception <a 'java/lang/ClassNotFoundException'{0x000000008a8951b0}: com/android/build/gradle/internal/CompileOptions_DecoratedCustomizer> (0x000000008a8951b0) thrown at [./src/hotspot/share/classfile/systemDictionary.cpp, line 231]

Events (20 events):
Event: 28.905 loading class kotlin/jvm/JvmClassMappingKt
Event: 28.905 loading class kotlin/jvm/JvmClassMappingKt done
Event: 28.916 loading class org/gradle/api/internal/provider/AbstractCollectionProperty$CollectingSupplier
Event: 28.916 loading class org/gradle/api/internal/provider/AbstractCollectionProperty$CollectingSupplier done
Event: 28.917 loading class org/gradle/api/internal/provider/Collectors$ElementsFromCollectionProvider
Event: 28.917 loading class org/gradle/api/internal/provider/Collectors$ElementsFromCollectionProvider done
Event: 28.918 loading class com/android/build/api/artifact/impl/OperationRequestsImplKt$toAppend$1
Event: 28.918 loading class com/android/build/api/artifact/impl/OperationRequestsImplKt$toAppend$1 done
Event: 28.919 loading class com/android/build/api/artifact/impl/OperationRequestsImplKt$toAppend$2
Event: 28.919 loading class com/android/build/api/artifact/impl/OperationRequestsImplKt$toAppend$2 done
Event: 28.921 loading class org/gradle/api/internal/provider/AbstractCollectionProperty$PlusCollector
Event: 28.921 loading class org/gradle/api/internal/provider/AbstractCollectionProperty$PlusCollector done
Event: 28.928 loading class com/android/build/gradle/internal/tasks/StripDebugSymbolsTask
Event: 28.928 loading class com/android/build/gradle/internal/tasks/StripDebugSymbolsTask done
Event: 28.929 loading class com/android/build/gradle/internal/tasks/StripDebugSymbolsTask$CreationAction$handleProvider$1
Event: 28.929 loading class com/android/build/gradle/internal/tasks/StripDebugSymbolsTask$CreationAction$handleProvider$1 done
Event: 28.930 loading class com/android/build/gradle/internal/tasks/ExtractNativeDebugMetadataTask
Event: 28.930 loading class com/android/build/gradle/internal/tasks/ExtractNativeDebugMetadataTask done
Event: 28.933 loading class com/android/build/gradle/internal/tasks/ExtractNativeDebugMetadataTask$FullCreationAction$handleProvider$1
Event: 28.933 loading class com/android/build/gradle/internal/tasks/ExtractNativeDebugMetadataTask$FullCreationAction$handleProvider$1 done


Dynamic libraries:
0x00007ff6856f0000 - 0x00007ff6856fa000 	C:\Program Files\Android\Android Studio1\jre\bin\java.exe
0x00007ffced630000 - 0x00007ffced825000 	C:\WINDOWS\SYSTEM32\ntdll.dll
0x00007ffceb8d0000 - 0x00007ffceb98e000 	C:\WINDOWS\System32\KERNEL32.DLL
0x00007ffceb070000 - 0x00007ffceb338000 	C:\WINDOWS\System32\KERNELBASE.dll
0x00007ffceb4f0000 - 0x00007ffceb5f0000 	C:\WINDOWS\System32\ucrtbase.dll
0x00007ffcc7400000 - 0x00007ffcc7417000 	C:\Program Files\Android\Android Studio1\jre\bin\VCRUNTIME140.dll
0x00007ffcbde30000 - 0x00007ffcbde49000 	C:\Program Files\Android\Android Studio1\jre\bin\jli.dll
0x00007ffced3a0000 - 0x00007ffced540000 	C:\WINDOWS\System32\USER32.dll
0x00007ffceb040000 - 0x00007ffceb062000 	C:\WINDOWS\System32\win32u.dll
0x00007ffced1d0000 - 0x00007ffced1fa000 	C:\WINDOWS\System32\GDI32.dll
0x00007ffceb3e0000 - 0x00007ffceb4eb000 	C:\WINDOWS\System32\gdi32full.dll
0x00007ffceb340000 - 0x00007ffceb3dd000 	C:\WINDOWS\System32\msvcp_win.dll
0x00007ffcd9480000 - 0x00007ffcd971a000 	C:\WINDOWS\WinSxS\amd64_microsoft.windows.common-controls_6595b64144ccf1df_6.0.19041.1110_none_60b5254171f9507e\COMCTL32.dll
0x00007ffced120000 - 0x00007ffced1be000 	C:\WINDOWS\System32\msvcrt.dll
0x00007ffceb770000 - 0x00007ffceb7a0000 	C:\WINDOWS\System32\IMM32.DLL
0x00007ffc954c0000 - 0x00007ffc9555d000 	C:\Program Files\Android\Android Studio1\jre\bin\msvcp140.dll
0x00007ffc95bd0000 - 0x00007ffc966a5000 	C:\Program Files\Android\Android Studio1\jre\bin\server\jvm.dll
0x00007ffcebb80000 - 0x00007ffcebc2e000 	C:\WINDOWS\System32\ADVAPI32.dll
0x00007ffcecfb0000 - 0x00007ffced04c000 	C:\WINDOWS\System32\sechost.dll
0x00007ffceb990000 - 0x00007ffcebab5000 	C:\WINDOWS\System32\RPCRT4.dll
0x00007ffced260000 - 0x00007ffced268000 	C:\WINDOWS\System32\PSAPI.DLL
0x00007ffcd6970000 - 0x00007ffcd6979000 	C:\WINDOWS\SYSTEM32\WSOCK32.dll
0x00007ffcebc30000 - 0x00007ffcebc9b000 	C:\WINDOWS\System32\WS2_32.dll
0x00007ffce3c70000 - 0x00007ffce3c7a000 	C:\WINDOWS\SYSTEM32\VERSION.dll
0x00007ffcd6940000 - 0x00007ffcd6967000 	C:\WINDOWS\SYSTEM32\WINMM.dll
0x00007ffce9650000 - 0x00007ffce9662000 	C:\WINDOWS\SYSTEM32\kernel.appcore.dll
0x00007ffce3ff0000 - 0x00007ffce4001000 	C:\Program Files\Android\Android Studio1\jre\bin\verify.dll
0x00007ffce9310000 - 0x00007ffce94f4000 	C:\WINDOWS\SYSTEM32\DBGHELP.DLL
0x00007ffcd61c0000 - 0x00007ffcd61ec000 	C:\WINDOWS\SYSTEM32\dbgcore.DLL
0x00007ffceada0000 - 0x00007ffceae22000 	C:\WINDOWS\System32\bcryptPrimitives.dll
0x00007ffcde520000 - 0x00007ffcde549000 	C:\Program Files\Android\Android Studio1\jre\bin\java.dll
0x00007ffce45b0000 - 0x00007ffce45bb000 	C:\Program Files\Android\Android Studio1\jre\bin\jimage.dll
0x00007ffcdea40000 - 0x00007ffcdea58000 	C:\Program Files\Android\Android Studio1\jre\bin\zip.dll
0x00007ffcec2e0000 - 0x00007ffceca24000 	C:\WINDOWS\System32\SHELL32.dll
0x00007ffce8aa0000 - 0x00007ffce9234000 	C:\WINDOWS\SYSTEM32\windows.storage.dll
0x00007ffcecc40000 - 0x00007ffcecf94000 	C:\WINDOWS\System32\combase.dll
0x00007ffcea6f0000 - 0x00007ffcea71c000 	C:\WINDOWS\SYSTEM32\Wldp.dll
0x00007ffced540000 - 0x00007ffced5ed000 	C:\WINDOWS\System32\SHCORE.dll
0x00007ffced200000 - 0x00007ffced255000 	C:\WINDOWS\System32\shlwapi.dll
0x00007ffceac90000 - 0x00007ffceacaf000 	C:\WINDOWS\SYSTEM32\profapi.dll
0x00007ffcddde0000 - 0x00007ffcdddfa000 	C:\Program Files\Android\Android Studio1\jre\bin\net.dll
0x00007ffce3d50000 - 0x00007ffce3e5a000 	C:\WINDOWS\SYSTEM32\WINHTTP.dll
0x00007ffcea450000 - 0x00007ffcea4ba000 	C:\WINDOWS\system32\mswsock.dll
0x00007ffcc8bb0000 - 0x00007ffcc8bc4000 	C:\Program Files\Android\Android Studio1\jre\bin\nio.dll
0x00007ffc9a960000 - 0x00007ffc9a987000 	C:\Users\DELL\.gradle\native\8bec1ad78214c89d9ad589b4d07fe93259594b29d510b10fafb7a158f7737e5d\windows-amd64\native-platform.dll
0x00007ffc91a90000 - 0x00007ffc91bcd000 	C:\Users\DELL\.gradle\native\53dbd7edfb1c66fb8903c78663c9afc45aea4f116125fa6feffd364cf09443e8\windows-amd64\native-platform-file-events.dll
0x00007ffce44d0000 - 0x00007ffce44da000 	C:\Program Files\Android\Android Studio1\jre\bin\management.dll
0x00007ffce3fc0000 - 0x00007ffce3fcd000 	C:\Program Files\Android\Android Studio1\jre\bin\management_ext.dll
0x00007ffcea640000 - 0x00007ffcea658000 	C:\WINDOWS\SYSTEM32\CRYPTSP.dll
0x00007ffce9dd0000 - 0x00007ffce9e04000 	C:\WINDOWS\system32\rsaenh.dll
0x00007ffceb660000 - 0x00007ffceb687000 	C:\WINDOWS\System32\bcrypt.dll
0x00007ffceac50000 - 0x00007ffceac7e000 	C:\WINDOWS\SYSTEM32\USERENV.dll
0x00007ffcea660000 - 0x00007ffcea66c000 	C:\WINDOWS\SYSTEM32\CRYPTBASE.dll
0x00007ffcea140000 - 0x00007ffcea17b000 	C:\WINDOWS\SYSTEM32\IPHLPAPI.DLL
0x00007ffced1c0000 - 0x00007ffced1c8000 	C:\WINDOWS\System32\NSI.dll
0x00007ffcdf290000 - 0x00007ffcdf2a7000 	C:\WINDOWS\SYSTEM32\dhcpcsvc6.DLL
0x00007ffce2210000 - 0x00007ffce222d000 	C:\WINDOWS\SYSTEM32\dhcpcsvc.DLL
0x00007ffcea180000 - 0x00007ffcea24b000 	C:\WINDOWS\SYSTEM32\DNSAPI.dll

dbghelp: loaded successfully - version: 4.0.5 - missing functions: none
symbol engine: initialized successfully - sym options: 0x614 - pdb path: .;C:\Program Files\Android\Android Studio1\jre\bin;C:\WINDOWS\SYSTEM32;C:\WINDOWS\WinSxS\amd64_microsoft.windows.common-controls_6595b64144ccf1df_6.0.19041.1110_none_60b5254171f9507e;C:\Program Files\Android\Android Studio1\jre\bin\server;C:\Users\DELL\.gradle\native\8bec1ad78214c89d9ad589b4d07fe93259594b29d510b10fafb7a158f7737e5d\windows-amd64;C:\Users\DELL\.gradle\native\53dbd7edfb1c66fb8903c78663c9afc45aea4f116125fa6feffd364cf09443e8\windows-amd64

VM Arguments:
jvm_args: --add-opens=java.base/java.util=ALL-UNNAMED --add-opens=java.base/java.lang=ALL-UNNAMED --add-opens=java.base/java.lang.invoke=ALL-UNNAMED --add-opens=java.base/java.util=ALL-UNNAMED --add-opens=java.prefs/java.util.prefs=ALL-UNNAMED --add-opens=java.prefs/java.util.prefs=ALL-UNNAMED --add-opens=java.base/java.nio.charset=ALL-UNNAMED --add-opens=java.base/java.net=ALL-UNNAMED --add-opens=java.base/java.util.concurrent.atomic=ALL-UNNAMED -Xmx2048m -Dfile.encoding=UTF-8 -Duser.country=US -Duser.language=en -Duser.variant 
java_command: org.gradle.launcher.daemon.bootstrap.GradleDaemon 7.0.2
java_class_path (initial): C:\Users\DELL\.gradle\wrapper\dists\gradle-7.0.2-bin\857tjihv64xamwrf0h14cai3r\gradle-7.0.2\lib\gradle-launcher-7.0.2.jar
Launcher Type: SUN_STANDARD

[Global flags]
     intx CICompilerCount                          = 3                                         {product} {ergonomic}
     uint ConcGCThreads                            = 1                                         {product} {ergonomic}
     uint G1ConcRefinementThreads                  = 4                                         {product} {ergonomic}
   size_t G1HeapRegionSize                         = 1048576                                   {product} {ergonomic}
    uintx GCDrainStackTargetSize                   = 64                                        {product} {ergonomic}
   size_t InitialHeapSize                          = 132120576                                 {product} {ergonomic}
   size_t MarkStackSize                            = 4194304                                   {product} {ergonomic}
   size_t MaxHeapSize                              = 2147483648                                {product} {command line}
   size_t MaxNewSize                               = 1287651328                                {product} {ergonomic}
   size_t MinHeapDeltaBytes                        = 1048576                                   {product} {ergonomic}
    uintx NonNMethodCodeHeapSize                   = 5830732                                {pd product} {ergonomic}
    uintx NonProfiledCodeHeapSize                  = 122913754                              {pd product} {ergonomic}
    uintx ProfiledCodeHeapSize                     = 122913754                              {pd product} {ergonomic}
    uintx ReservedCodeCacheSize                    = 251658240                              {pd product} {ergonomic}
     bool SegmentedCodeCache                       = true                                      {product} {ergonomic}
     bool UseCompressedClassPointers               = true                                 {lp64_product} {ergonomic}
     bool UseCompressedOops                        = true                                 {lp64_product} {ergonomic}
     bool UseG1GC                                  = true                                      {product} {ergonomic}
     bool UseLargePagesIndividualAllocation        = false                                  {pd product} {ergonomic}

Logging:
Log output configuration:
 #0: stdout all=warning uptime,level,tags
 #1: stderr all=off uptime,level,tags

Environment Variables:
JAVA_HOME=C:\Program Files\Java\jdk1.8.0_181
PATH=C:\Program Files (x86)\Common Files\Oracle\Java\javapath;C:\WINDOWS\system32;C:\WINDOWS;C:\WINDOWS\System32\Wbem;C:\WINDOWS\System32\WindowsPowerShell\v1.0\;C:\WINDOWS\System32\OpenSSH\;C:\Program Files\Java\jdk1.8.0_181\bin;C:\Program Files\Git\cmd;C:\Program Files\nodejs\;C:\Users\DELL\AppData\Local\Microsoft\WindowsApps;C:\Users\DELL\AppData\Local\Programs\Microsoft VS Code\bin;C:\Program Files\JetBrains\IntelliJ IDEA Community Edition 2021.2.2\bin;;C:\Users\DELL\AppData\Local\GitHubDesktop\bin;C:\Users\DELL\AppData\Roaming\npm
USERNAME=DELL
OS=Windows_NT
PROCESSOR_IDENTIFIER=Intel64 Family 6 Model 78 Stepping 3, GenuineIntel



---------------  S Y S T E M  ---------------

OS: Windows 10 , 64 bit Build 19041 (10.0.19041.1645)
OS uptime: 1 days 3:37 hours

CPU:total 4 (initial active 4) (2 cores per cpu, 2 threads per core) family 6 model 78 stepping 3 microcode 0xcc, cmov, cx8, fxsr, mmx, sse, sse2, sse3, ssse3, sse4.1, sse4.2, popcnt, avx, avx2, aes, clmul, erms, 3dnowpref, lzcnt, ht, tsc, tscinvbit, bmi1, bmi2, adx, fma

Memory: 4k page, system-wide physical 8058M (97M free)
TotalPageFile size 24986M (AvailPageFile size 0M)
current process WorkingSet (physical memory assigned to process): 375M, peak: 377M
current process commit charge ("private bytes"): 405M, peak: 406M

vm_info: OpenJDK 64-Bit Server VM (11.0.11+9-b60-7590822) for windows-amd64 JRE (11.0.11+9-b60-7590822), built on Jul 29 2021 21:43:44 by "builder" with MS VC++ 14.0 (VS2015)

END.
